[debug] [2022-09-26T17:36:55.872Z] ----------------------------------------------------------------------
[debug] [2022-09-26T17:36:55.874Z] Command:       /snap/node/6742/bin/node /usr/local/bin/firebase init
[debug] [2022-09-26T17:36:55.874Z] CLI Version:   11.10.0
[debug] [2022-09-26T17:36:55.874Z] Platform:      linux
[debug] [2022-09-26T17:36:55.874Z] Node Version:  v16.17.1
[debug] [2022-09-26T17:36:55.875Z] Time:          Mon Sep 26 2022 23:06:55 GMT+0530 (India Standard Time)
[debug] [2022-09-26T17:36:55.875Z] ----------------------------------------------------------------------
[debug] 
[debug] [2022-09-26T17:36:55.880Z] > command requires scopes: ["email","openid","https://www.googleapis.com/auth/cloudplatformprojects.readonly","https://www.googleapis.com/auth/firebase","https://www.googleapis.com/auth/cloud-platform"]
[debug] [2022-09-26T17:36:55.880Z] > authorizing via signed-in user (royabhisek5359@gmail.com)
[info] 
     ######## #### ########  ######## ########     ###     ######  ########
     ##        ##  ##     ## ##       ##     ##  ##   ##  ##       ##
     ######    ##  ########  ######   ########  #########  ######  ######
     ##        ##  ##    ##  ##       ##     ## ##     ##       ## ##
     ##       #### ##     ## ######## ########  ##     ##  ######  ########

You're about to initialize a Firebase project in this directory:

  /home/abhi5359/github/Quiz App

[info] 
=== Project Setup
[info] 
[info] First, let's associate this project directory with a Firebase project.
[info] You can create multiple project aliases by running firebase use --add, 
[info] but for now we'll just set up a default project.
[info] 
